# JRE version: Java(TM) SE Runtime Environment (17.0.14+8) (build 17.0.14+8-LTS-191)
# Java VM: Java HotSpot(TM) 64-Bit Server VM (17.0.14+8-LTS-191, mixed mode, sharing, tiered, compressed oops, compressed class ptrs, g1 gc, windows-amd64)
GC Precious Log:
 CPUs: 12 total, 12 available
 Memory: 7597M
 Large Page Support: Disabled
 NUMA Support: Disabled
 Compressed Oops: Enabled (32-bit)
 Heap Region Size: 1M
 Heap Min Capacity: 8M
 Heap Initial Capacity: 120M
 Heap Max Capacity: 1900M
 Pre-touch: Disabled
 Parallel Workers: 10
 Concurrent Workers: 3
 Concurrent Refinement Workers: 10
 Periodic GC: Disabled
Heap:
 garbage-first heap   total 113664K, used 50121K [0x0000000089400000, 0x0000000100000000)
  region size 1024K, 1 young (1024K), 1 survivors (1024K)
 Metaspace       used 35374K, committed 35648K, reserved 1114112K
  class space    used 4369K, committed 4480K, reserved 1048576K
GC Heap History (20 events):
Event: 1.216 GC heap after
{Heap after GC invocations=1 (full 0):
 garbage-first heap   total 122880K, used 6962K [0x0000000089400000, 0x0000000100000000)
  region size 1024K, 3 young (3072K), 3 survivors (3072K)
 Metaspace       used 7198K, committed 7360K, reserved 1114112K
  class space    used 759K, committed 832K, reserved 1048576K
}
Event: 2.021 GC heap before
{Heap before GC invocations=1 (full 0):
 garbage-first heap   total 122880K, used 47922K [0x0000000089400000, 0x0000000100000000)
  region size 1024K, 36 young (36864K), 3 survivors (3072K)
 Metaspace       used 16888K, committed 17216K, reserved 1114112K
  class space    used 2229K, committed 2368K, reserved 1048576K
}
Event: 2.041 GC heap after
{Heap after GC invocations=2 (full 0):
 garbage-first heap   total 122880K, used 17241K [0x0000000089400000, 0x0000000100000000)
  region size 1024K, 3 young (3072K), 3 survivors (3072K)
 Metaspace       used 16888K, committed 17216K, reserved 1114112K
  class space    used 2229K, committed 2368K, reserved 1048576K
}
Event: 4.774 GC heap before
{Heap before GC invocations=2 (full 0):
 garbage-first heap   total 122880K, used 88921K [0x0000000089400000, 0x0000000100000000)
  region size 1024K, 70 young (71680K), 3 survivors (3072K)
 Metaspace       used 21298K, committed 21504K, reserved 1114112K
  class space    used 2902K, committed 3008K, reserved 1048576K
}
Event: 4.810 GC heap after
{Heap after GC invocations=3 (full 0):
 garbage-first heap   total 122880K, used 24790K [0x0000000089400000, 0x0000000100000000)
  region size 1024K, 9 young (9216K), 9 survivors (9216K)
 Metaspace       used 21298K, committed 21504K, reserved 1114112K
  class space    used 2902K, committed 3008K, reserved 1048576K
}
Event: 5.127 GC heap before
{Heap before GC invocations=4 (full 0):
 garbage-first heap   total 89088K, used 52438K [0x0000000089400000, 0x0000000100000000)
  region size 1024K, 25 young (25600K), 9 survivors (9216K)
 Metaspace       used 23720K, committed 24000K, reserved 1114112K
  class space    used 3180K, committed 3328K, reserved 1048576K
}
Event: 5.145 GC heap after
{Heap after GC invocations=5 (full 0):
 garbage-first heap   total 89088K, used 40150K [0x0000000089400000, 0x0000000100000000)
  region size 1024K, 4 young (4096K), 4 survivors (4096K)
 Metaspace       used 23720K, committed 24000K, reserved 1114112K
  class space    used 3180K, committed 3328K, reserved 1048576K
}
Event: 5.654 GC heap before
{Heap before GC invocations=5 (full 0):
 garbage-first heap   total 89088K, used 65750K [0x0000000089400000, 0x0000000100000000)
  region size 1024K, 29 young (29696K), 4 survivors (4096K)
 Metaspace       used 28581K, committed 28800K, reserved 1114112K
  class space    used 3609K, committed 3712K, reserved 1048576K
}
Event: 5.667 GC heap after
{Heap after GC invocations=6 (full 0):
 garbage-first heap   total 89088K, used 42609K [0x0000000089400000, 0x0000000100000000)
  region size 1024K, 3 young (3072K), 3 survivors (3072K)
 Metaspace       used 28581K, committed 28800K, reserved 1114112K
  class space    used 3609K, committed 3712K, reserved 1048576K
}
Event: 6.343 GC heap before
{Heap before GC invocations=6 (full 0):
 garbage-first heap   total 89088K, used 68209K [0x0000000089400000, 0x0000000100000000)
  region size 1024K, 28 young (28672K), 3 survivors (3072K)
 Metaspace       used 34496K, committed 34752K, reserved 1114112K
  class space    used 4272K, committed 4352K, reserved 1048576K
}
Event: 7.354 GC heap after
{Heap after GC invocations=7 (full 0):
 garbage-first heap   total 113664K, used 45494K [0x0000000089400000, 0x0000000100000000)
  region size 1024K, 3 young (3072K), 3 survivors (3072K)
 Metaspace       used 34496K, committed 34752K, reserved 1114112K
  class space    used 4272K, committed 4352K, reserved 1048576K
}
Event: 7.448 GC heap before
{Heap before GC invocations=8 (full 0):
 garbage-first heap   total 113664K, used 47542K [0x0000000089400000, 0x0000000100000000)
  region size 1024K, 5 young (5120K), 3 survivors (3072K)
 Metaspace       used 34791K, committed 35008K, reserved 1114112K
  class space    used 4313K, committed 4416K, reserved 1048576K
}
Event: 7.454 GC heap after
{Heap after GC invocations=9 (full 0):
 garbage-first heap   total 113664K, used 46075K [0x0000000089400000, 0x0000000100000000)
  region size 1024K, 1 young (1024K), 1 survivors (1024K)
 Metaspace       used 34791K, committed 35008K, reserved 1114112K
  class space    used 4313K, committed 4416K, reserved 1048576K
}
Event: 7.506 GC heap before
{Heap before GC invocations=9 (full 0):
 garbage-first heap   total 113664K, used 50171K [0x0000000089400000, 0x0000000100000000)
  region size 1024K, 5 young (5120K), 1 survivors (1024K)
 Metaspace       used 35264K, committed 35520K, reserved 1114112K
  class space    used 4369K, committed 4480K, reserved 1048576K
}
Event: 7.509 GC heap after
{Heap after GC invocations=10 (full 0):
 garbage-first heap   total 113664K, used 46422K [0x0000000089400000, 0x0000000100000000)
  region size 1024K, 1 young (1024K), 1 survivors (1024K)
 Metaspace       used 35264K, committed 35520K, reserved 1114112K
  class space    used 4369K, committed 4480K, reserved 1048576K
}
Event: 7.530 GC heap before
{Heap before GC invocations=10 (full 0):
 garbage-first heap   total 113664K, used 49494K [0x0000000089400000, 0x0000000100000000)
  region size 1024K, 5 young (5120K), 1 survivors (1024K)
 Metaspace       used 35319K, committed 35584K, reserved 1114112K
  class space    used 4369K, committed 4480K, reserved 1048576K
}
Event: 7.532 GC heap after
{Heap after GC invocations=11 (full 0):
 garbage-first heap   total 113664K, used 47358K [0x0000000089400000, 0x0000000100000000)
  region size 1024K, 1 young (1024K), 1 survivors (1024K)
 Metaspace       used 35319K, committed 35584K, reserved 1114112K
  class space    used 4369K, committed 4480K, reserved 1048576K
}
Event: 7.539 GC heap before
{Heap before GC invocations=11 (full 0):
 garbage-first heap   total 113664K, used 51454K [0x0000000089400000, 0x0000000100000000)
  region size 1024K, 5 young (5120K), 1 survivors (1024K)
 Metaspace       used 35330K, committed 35584K, reserved 1114112K
  class space    used 4369K, committed 4480K, reserved 1048576K
}
Event: 7.542 GC heap after
{Heap after GC invocations=12 (full 0):
 garbage-first heap   total 113664K, used 48798K [0x0000000089400000, 0x0000000100000000)
  region size 1024K, 1 young (1024K), 1 survivors (1024K)
 Metaspace       used 35330K, committed 35584K, reserved 1114112K
  class space    used 4369K, committed 4480K, reserved 1048576K
}
Event: 7.564 GC heap before
{Heap before GC invocations=12 (full 0):
 garbage-first heap   total 113664K, used 52894K [0x0000000089400000, 0x0000000100000000)
  region size 1024K, 5 young (5120K), 1 survivors (1024K)
 Metaspace       used 35374K, committed 35648K, reserved 1114112K
  class space    used 4369K, committed 4480K, reserved 1048576K
}

