# JRE version: Java(TM) SE Runtime Environment (17.0.14+8) (build 17.0.14+8-LTS-191)
# Java VM: Java HotSpot(TM) 64-Bit Server VM (17.0.14+8-LTS-191, mixed mode, sharing, tiered, compressed oops, compressed class ptrs, g1 gc, windows-amd64)
GC Precious Log:
 CPUs: 12 total, 12 available
 Memory: 7597M
 Large Page Support: Disabled
 NUMA Support: Disabled
 Compressed Oops: Enabled (32-bit)
 Heap Region Size: 1M
 Heap Min Capacity: 8M
 Heap Initial Capacity: 120M
 Heap Max Capacity: 1900M
 Pre-touch: Disabled
 Parallel Workers: 10
 Concurrent Workers: 3
 Concurrent Refinement Workers: 10
 Periodic GC: Disabled
Heap:
 garbage-first heap   total 134144K, used 81381K [0x0000000089400000, 0x0000000100000000)
  region size 1024K, 19 young (19456K), 6 survivors (6144K)
 Metaspace       used 50832K, committed 51136K, reserved 1114112K
  class space    used 5726K, committed 5888K, reserved 1048576K
GC Heap History (20 events):
Event: 2.425 GC heap before
{Heap before GC invocations=4 (full 0):
 garbage-first heap   total 89088K, used 53452K [0x0000000089400000, 0x0000000100000000)
  region size 1024K, 26 young (26624K), 9 survivors (9216K)
 Metaspace       used 23885K, committed 24128K, reserved 1114112K
  class space    used 3194K, committed 3328K, reserved 1048576K
}
Event: 2.441 GC heap after
{Heap after GC invocations=5 (full 0):
 garbage-first heap   total 89088K, used 39628K [0x0000000089400000, 0x0000000100000000)
  region size 1024K, 4 young (4096K), 4 survivors (4096K)
 Metaspace       used 23885K, committed 24128K, reserved 1114112K
  class space    used 3194K, committed 3328K, reserved 1048576K
}
Event: 2.951 GC heap before
{Heap before GC invocations=5 (full 0):
 garbage-first heap   total 89088K, used 66252K [0x0000000089400000, 0x0000000100000000)
  region size 1024K, 30 young (30720K), 4 survivors (4096K)
 Metaspace       used 29077K, committed 29312K, reserved 1114112K
  class space    used 3658K, committed 3776K, reserved 1048576K
}
Event: 2.959 GC heap after
{Heap after GC invocations=6 (full 0):
 garbage-first heap   total 89088K, used 42613K [0x0000000089400000, 0x0000000100000000)
  region size 1024K, 3 young (3072K), 3 survivors (3072K)
 Metaspace       used 29077K, committed 29312K, reserved 1114112K
  class space    used 3658K, committed 3776K, reserved 1048576K
}
Event: 3.608 GC heap before
{Heap before GC invocations=6 (full 0):
 garbage-first heap   total 89088K, used 68213K [0x0000000089400000, 0x0000000100000000)
  region size 1024K, 28 young (28672K), 3 survivors (3072K)
 Metaspace       used 34891K, committed 35136K, reserved 1114112K
  class space    used 4313K, committed 4416K, reserved 1048576K
}
Event: 3.618 GC heap after
{Heap after GC invocations=7 (full 0):
 garbage-first heap   total 107520K, used 45684K [0x0000000089400000, 0x0000000100000000)
  region size 1024K, 3 young (3072K), 3 survivors (3072K)
 Metaspace       used 34891K, committed 35136K, reserved 1114112K
  class space    used 4313K, committed 4416K, reserved 1048576K
}
Event: 3.841 GC heap before
{Heap before GC invocations=8 (full 0):
 garbage-first heap   total 107520K, used 82548K [0x0000000089400000, 0x0000000100000000)
  region size 1024K, 38 young (38912K), 3 survivors (3072K)
 Metaspace       used 35734K, committed 35968K, reserved 1114112K
  class space    used 4396K, committed 4480K, reserved 1048576K
}
Event: 3.850 GC heap after
{Heap after GC invocations=9 (full 0):
 garbage-first heap   total 107520K, used 47857K [0x0000000089400000, 0x0000000100000000)
  region size 1024K, 3 young (3072K), 3 survivors (3072K)
 Metaspace       used 35734K, committed 35968K, reserved 1114112K
  class space    used 4396K, committed 4480K, reserved 1048576K
}
Event: 4.917 GC heap before
{Heap before GC invocations=9 (full 0):
 garbage-first heap   total 107520K, used 82673K [0x0000000089400000, 0x0000000100000000)
  region size 1024K, 37 young (37888K), 3 survivors (3072K)
 Metaspace       used 42480K, committed 42816K, reserved 1114112K
  class space    used 5130K, committed 5312K, reserved 1048576K
}
Event: 4.934 GC heap after
{Heap after GC invocations=10 (full 0):
 garbage-first heap   total 107520K, used 52428K [0x0000000089400000, 0x0000000100000000)
  region size 1024K, 5 young (5120K), 5 survivors (5120K)
 Metaspace       used 42480K, committed 42816K, reserved 1114112K
  class space    used 5130K, committed 5312K, reserved 1048576K
}
Event: 5.801 GC heap before
{Heap before GC invocations=10 (full 0):
 garbage-first heap   total 107520K, used 84172K [0x0000000089400000, 0x0000000100000000)
  region size 1024K, 36 young (36864K), 5 survivors (5120K)
 Metaspace       used 44644K, committed 44992K, reserved 1114112K
  class space    used 5304K, committed 5504K, reserved 1048576K
}
Event: 5.817 GC heap after
{Heap after GC invocations=11 (full 0):
 garbage-first heap   total 107520K, used 57395K [0x0000000089400000, 0x0000000100000000)
  region size 1024K, 5 young (5120K), 5 survivors (5120K)
 Metaspace       used 44644K, committed 44992K, reserved 1114112K
  class space    used 5304K, committed 5504K, reserved 1048576K
}
Event: 7.178 GC heap before
{Heap before GC invocations=11 (full 0):
 garbage-first heap   total 107520K, used 85043K [0x0000000089400000, 0x0000000100000000)
  region size 1024K, 32 young (32768K), 5 survivors (5120K)
 Metaspace       used 47838K, committed 48192K, reserved 1114112K
  class space    used 5562K, committed 5760K, reserved 1048576K
}
Event: 7.192 GC heap after
{Heap after GC invocations=12 (full 0):
 garbage-first heap   total 107520K, used 60454K [0x0000000089400000, 0x0000000100000000)
  region size 1024K, 4 young (4096K), 4 survivors (4096K)
 Metaspace       used 47838K, committed 48192K, reserved 1114112K
  class space    used 5562K, committed 5760K, reserved 1048576K
}
Event: 7.920 GC heap before
{Heap before GC invocations=13 (full 0):
 garbage-first heap   total 111616K, used 84006K [0x0000000089400000, 0x0000000100000000)
  region size 1024K, 28 young (28672K), 4 survivors (4096K)
 Metaspace       used 49250K, committed 49600K, reserved 1114112K
  class space    used 5656K, committed 5824K, reserved 1048576K
}
Event: 7.932 GC heap after
{Heap after GC invocations=14 (full 0):
 garbage-first heap   total 111616K, used 63758K [0x0000000089400000, 0x0000000100000000)
  region size 1024K, 4 young (4096K), 4 survivors (4096K)
 Metaspace       used 49250K, committed 49600K, reserved 1114112K
  class space    used 5656K, committed 5824K, reserved 1048576K
}
Event: 8.608 GC heap before
{Heap before GC invocations=14 (full 0):
 garbage-first heap   total 111616K, used 81166K [0x0000000089400000, 0x0000000100000000)
  region size 1024K, 22 young (22528K), 4 survivors (4096K)
 Metaspace       used 49835K, committed 50240K, reserved 1114112K
  class space    used 5677K, committed 5888K, reserved 1048576K
}
Event: 8.619 GC heap after
{Heap after GC invocations=15 (full 0):
 garbage-first heap   total 134144K, used 66327K [0x0000000089400000, 0x0000000100000000)
  region size 1024K, 3 young (3072K), 3 survivors (3072K)
 Metaspace       used 49835K, committed 50240K, reserved 1114112K
  class space    used 5677K, committed 5888K, reserved 1048576K
}
Event: 10.096 GC heap before
{Heap before GC invocations=16 (full 0):
 garbage-first heap   total 134144K, used 106263K [0x0000000089400000, 0x0000000100000000)
  region size 1024K, 41 young (41984K), 3 survivors (3072K)
 Metaspace       used 50584K, committed 50944K, reserved 1114112K
  class space    used 5712K, committed 5888K, reserved 1048576K
}
Event: 10.106 GC heap after
{Heap after GC invocations=17 (full 0):
 garbage-first heap   total 134144K, used 69093K [0x0000000089400000, 0x0000000100000000)
  region size 1024K, 6 young (6144K), 6 survivors (6144K)
 Metaspace       used 50584K, committed 50944K, reserved 1114112K
  class space    used 5712K, committed 5888K, reserved 1048576K
}

