# JRE version: Java(TM) SE Runtime Environment (17.0.14+8) (build 17.0.14+8-LTS-191)
# Java VM: Java HotSpot(TM) 64-Bit Server VM (17.0.14+8-LTS-191, mixed mode, sharing, tiered, compressed oops, compressed class ptrs, g1 gc, windows-amd64)
GC Precious Log:
 CPUs: 12 total, 12 available
 Memory: 7597M
 Large Page Support: Disabled
 NUMA Support: Disabled
 Compressed Oops: Enabled (32-bit)
 Heap Region Size: 1M
 Heap Min Capacity: 8M
 Heap Initial Capacity: 120M
 Heap Max Capacity: 1900M
 Pre-touch: Disabled
 Parallel Workers: 10
 Concurrent Workers: 3
 Concurrent Refinement Workers: 10
 Periodic GC: Disabled
Heap:
 garbage-first heap   total 122880K, used 69438K [0x0000000089400000, 0x0000000100000000)
  region size 1024K, 2 young (2048K), 2 survivors (2048K)
 Metaspace       used 50526K, committed 50880K, reserved 1114112K
  class space    used 5709K, committed 5888K, reserved 1048576K
GC Heap History (20 events):
Event: 2.486 GC heap after
{Heap after GC invocations=6 (full 0):
 garbage-first heap   total 89088K, used 43138K [0x0000000089400000, 0x0000000100000000)
  region size 1024K, 3 young (3072K), 3 survivors (3072K)
 Metaspace       used 29802K, committed 30080K, reserved 1114112K
  class space    used 3739K, committed 3840K, reserved 1048576K
}
Event: 3.117 GC heap before
{Heap before GC invocations=6 (full 0):
 garbage-first heap   total 89088K, used 66690K [0x0000000089400000, 0x0000000100000000)
  region size 1024K, 27 young (27648K), 3 survivors (3072K)
 Metaspace       used 35178K, committed 35392K, reserved 1114112K
  class space    used 4349K, committed 4416K, reserved 1048576K
}
Event: 3.126 GC heap after
{Heap after GC invocations=7 (full 0):
 garbage-first heap   total 89088K, used 46286K [0x0000000089400000, 0x0000000100000000)
  region size 1024K, 3 young (3072K), 3 survivors (3072K)
 Metaspace       used 35178K, committed 35392K, reserved 1114112K
  class space    used 4349K, committed 4416K, reserved 1048576K
}
Event: 3.150 GC heap before
{Heap before GC invocations=8 (full 0):
 garbage-first heap   total 89088K, used 47310K [0x0000000089400000, 0x0000000100000000)
  region size 1024K, 5 young (5120K), 3 survivors (3072K)
 Metaspace       used 35286K, committed 35520K, reserved 1114112K
  class space    used 4368K, committed 4480K, reserved 1048576K
}
Event: 3.156 GC heap after
{Heap after GC invocations=9 (full 0):
 garbage-first heap   total 89088K, used 46762K [0x0000000089400000, 0x0000000100000000)
  region size 1024K, 1 young (1024K), 1 survivors (1024K)
 Metaspace       used 35286K, committed 35520K, reserved 1114112K
  class space    used 4368K, committed 4480K, reserved 1048576K
}
Event: 3.236 GC heap before
{Heap before GC invocations=10 (full 0):
 garbage-first heap   total 89088K, used 68266K [0x0000000089400000, 0x0000000100000000)
  region size 1024K, 22 young (22528K), 1 survivors (1024K)
 Metaspace       used 35344K, committed 35648K, reserved 1114112K
  class space    used 4368K, committed 4480K, reserved 1048576K
}
Event: 3.239 GC heap after
{Heap after GC invocations=11 (full 0):
 garbage-first heap   total 89088K, used 48352K [0x0000000089400000, 0x0000000100000000)
  region size 1024K, 3 young (3072K), 3 survivors (3072K)
 Metaspace       used 35344K, committed 35648K, reserved 1114112K
  class space    used 4368K, committed 4480K, reserved 1048576K
}
Event: 3.542 GC heap before
{Heap before GC invocations=11 (full 0):
 garbage-first heap   total 89088K, used 68832K [0x0000000089400000, 0x0000000100000000)
  region size 1024K, 23 young (23552K), 3 survivors (3072K)
 Metaspace       used 38510K, committed 38848K, reserved 1114112K
  class space    used 4760K, committed 4928K, reserved 1048576K
}
Event: 3.548 GC heap after
{Heap after GC invocations=12 (full 0):
 garbage-first heap   total 117760K, used 48635K [0x0000000089400000, 0x0000000100000000)
  region size 1024K, 2 young (2048K), 2 survivors (2048K)
 Metaspace       used 38510K, committed 38848K, reserved 1114112K
  class space    used 4760K, committed 4928K, reserved 1048576K
}
Event: 4.912 GC heap before
{Heap before GC invocations=13 (full 0):
 garbage-first heap   total 117760K, used 88571K [0x0000000089400000, 0x0000000100000000)
  region size 1024K, 41 young (41984K), 2 survivors (2048K)
 Metaspace       used 43307K, committed 43584K, reserved 1114112K
  class space    used 5148K, committed 5312K, reserved 1048576K
}
Event: 4.925 GC heap after
{Heap after GC invocations=14 (full 0):
 garbage-first heap   total 117760K, used 55655K [0x0000000089400000, 0x0000000100000000)
  region size 1024K, 6 young (6144K), 6 survivors (6144K)
 Metaspace       used 43307K, committed 43584K, reserved 1114112K
  class space    used 5148K, committed 5312K, reserved 1048576K
}
Event: 5.893 GC heap before
{Heap before GC invocations=14 (full 0):
 garbage-first heap   total 117760K, used 89447K [0x0000000089400000, 0x0000000100000000)
  region size 1024K, 39 young (39936K), 6 survivors (6144K)
 Metaspace       used 46511K, committed 46848K, reserved 1114112K
  class space    used 5463K, committed 5632K, reserved 1048576K
}
Event: 5.908 GC heap after
{Heap after GC invocations=15 (full 0):
 garbage-first heap   total 117760K, used 59781K [0x0000000089400000, 0x0000000100000000)
  region size 1024K, 4 young (4096K), 4 survivors (4096K)
 Metaspace       used 46511K, committed 46848K, reserved 1114112K
  class space    used 5463K, committed 5632K, reserved 1048576K
}
Event: 6.976 GC heap before
{Heap before GC invocations=15 (full 0):
 garbage-first heap   total 117760K, used 90501K [0x0000000089400000, 0x0000000100000000)
  region size 1024K, 34 young (34816K), 4 survivors (4096K)
 Metaspace       used 48975K, committed 49344K, reserved 1114112K
  class space    used 5629K, committed 5824K, reserved 1048576K
}
Event: 6.993 GC heap after
{Heap after GC invocations=16 (full 0):
 garbage-first heap   total 117760K, used 63694K [0x0000000089400000, 0x0000000100000000)
  region size 1024K, 4 young (4096K), 4 survivors (4096K)
 Metaspace       used 48975K, committed 49344K, reserved 1114112K
  class space    used 5629K, committed 5824K, reserved 1048576K
}
Event: 7.952 GC heap before
{Heap before GC invocations=17 (full 0):
 garbage-first heap   total 117760K, used 94414K [0x0000000089400000, 0x0000000100000000)
  region size 1024K, 33 young (33792K), 4 survivors (4096K)
 Metaspace       used 49858K, committed 50240K, reserved 1114112K
  class space    used 5678K, committed 5888K, reserved 1048576K
}
Event: 7.967 GC heap after
{Heap after GC invocations=18 (full 0):
 garbage-first heap   total 117760K, used 67525K [0x0000000089400000, 0x0000000100000000)
  region size 1024K, 4 young (4096K), 4 survivors (4096K)
 Metaspace       used 49858K, committed 50240K, reserved 1114112K
  class space    used 5678K, committed 5888K, reserved 1048576K
}
Event: 7.980 GC heap before
{Heap before GC invocations=18 (full 0):
 garbage-first heap   total 117760K, used 68549K [0x0000000089400000, 0x0000000100000000)
  region size 1024K, 5 young (5120K), 4 survivors (4096K)
 Metaspace       used 49864K, committed 50304K, reserved 1114112K
  class space    used 5678K, committed 5888K, reserved 1048576K
}
Event: 7.987 GC heap after
{Heap after GC invocations=19 (full 0):
 garbage-first heap   total 117760K, used 68332K [0x0000000089400000, 0x0000000100000000)
  region size 1024K, 1 young (1024K), 1 survivors (1024K)
 Metaspace       used 49864K, committed 50304K, reserved 1114112K
  class space    used 5678K, committed 5888K, reserved 1048576K
}
Event: 9.107 GC heap before
{Heap before GC invocations=19 (full 0):
 garbage-first heap   total 117760K, used 94956K [0x0000000089400000, 0x0000000100000000)
  region size 1024K, 27 young (27648K), 1 survivors (1024K)
 Metaspace       used 50526K, committed 50880K, reserved 1114112K
  class space    used 5709K, committed 5888K, reserved 1048576K
}

