# JRE version: Java(TM) SE Runtime Environment (17.0.14+8) (build 17.0.14+8-LTS-191)
# Java VM: Java HotSpot(TM) 64-Bit Server VM (17.0.14+8-LTS-191, mixed mode, sharing, tiered, compressed oops, compressed class ptrs, g1 gc, windows-amd64)
GC Precious Log:
 CPUs: 12 total, 12 available
 Memory: 7597M
 Large Page Support: Disabled
 NUMA Support: Disabled
 Compressed Oops: Enabled (32-bit)
 Heap Region Size: 1M
 Heap Min Capacity: 8M
 Heap Initial Capacity: 120M
 Heap Max Capacity: 2G
 Pre-touch: Disabled
 Parallel Workers: 10
 Concurrent Workers: 3
 Concurrent Refinement Workers: 10
 Periodic GC: Disabled
Heap:
 garbage-first heap   total 280576K, used 229874K [0x0000000080000000, 0x0000000100000000)
  region size 1024K, 65 young (66560K), 2 survivors (2048K)
 Metaspace       used 133204K, committed 134464K, reserved 557056K
  class space    used 17996K, committed 18624K, reserved 425984K
GC Heap History (20 events):
Event: 260.074 GC heap before
{Heap before GC invocations=74 (full 0):
 garbage-first heap   total 265216K, used 226570K [0x0000000080000000, 0x0000000100000000)
  region size 1024K, 70 young (71680K), 2 survivors (2048K)
 Metaspace       used 125493K, committed 126720K, reserved 557056K
  class space    used 17111K, committed 17728K, reserved 425984K
}
Event: 260.076 GC heap after
{Heap after GC invocations=75 (full 0):
 garbage-first heap   total 265216K, used 156935K [0x0000000080000000, 0x0000000100000000)
  region size 1024K, 2 young (2048K), 2 survivors (2048K)
 Metaspace       used 125493K, committed 126720K, reserved 557056K
  class space    used 17111K, committed 17728K, reserved 425984K
}
Event: 261.983 GC heap before
{Heap before GC invocations=75 (full 0):
 garbage-first heap   total 265216K, used 228615K [0x0000000080000000, 0x0000000100000000)
  region size 1024K, 72 young (73728K), 2 survivors (2048K)
 Metaspace       used 125493K, committed 126720K, reserved 557056K
  class space    used 17111K, committed 17728K, reserved 425984K
}
Event: 261.985 GC heap after
{Heap after GC invocations=76 (full 0):
 garbage-first heap   total 265216K, used 156934K [0x0000000080000000, 0x0000000100000000)
  region size 1024K, 2 young (2048K), 2 survivors (2048K)
 Metaspace       used 125493K, committed 126720K, reserved 557056K
  class space    used 17111K, committed 17728K, reserved 425984K
}
Event: 264.065 GC heap before
{Heap before GC invocations=76 (full 0):
 garbage-first heap   total 265216K, used 230662K [0x0000000080000000, 0x0000000100000000)
  region size 1024K, 74 young (75776K), 2 survivors (2048K)
 Metaspace       used 125493K, committed 126720K, reserved 557056K
  class space    used 17111K, committed 17728K, reserved 425984K
}
Event: 264.067 GC heap after
{Heap after GC invocations=77 (full 0):
 garbage-first heap   total 265216K, used 156952K [0x0000000080000000, 0x0000000100000000)
  region size 1024K, 2 young (2048K), 2 survivors (2048K)
 Metaspace       used 125493K, committed 126720K, reserved 557056K
  class space    used 17111K, committed 17728K, reserved 425984K
}
Event: 266.161 GC heap before
{Heap before GC invocations=77 (full 0):
 garbage-first heap   total 265216K, used 231704K [0x0000000080000000, 0x0000000100000000)
  region size 1024K, 75 young (76800K), 2 survivors (2048K)
 Metaspace       used 125495K, committed 126720K, reserved 557056K
  class space    used 17111K, committed 17728K, reserved 425984K
}
Event: 266.163 GC heap after
{Heap after GC invocations=78 (full 0):
 garbage-first heap   total 265216K, used 156952K [0x0000000080000000, 0x0000000100000000)
  region size 1024K, 2 young (2048K), 2 survivors (2048K)
 Metaspace       used 125495K, committed 126720K, reserved 557056K
  class space    used 17111K, committed 17728K, reserved 425984K
}
Event: 270.992 GC heap before
{Heap before GC invocations=78 (full 0):
 garbage-first heap   total 265216K, used 232728K [0x0000000080000000, 0x0000000100000000)
  region size 1024K, 76 young (77824K), 2 survivors (2048K)
 Metaspace       used 125495K, committed 126720K, reserved 557056K
  class space    used 17111K, committed 17728K, reserved 425984K
}
Event: 270.995 GC heap after
{Heap after GC invocations=79 (full 0):
 garbage-first heap   total 265216K, used 156990K [0x0000000080000000, 0x0000000100000000)
  region size 1024K, 2 young (2048K), 2 survivors (2048K)
 Metaspace       used 125495K, committed 126720K, reserved 557056K
  class space    used 17111K, committed 17728K, reserved 425984K
}
Event: 275.708 GC heap before
{Heap before GC invocations=79 (full 0):
 garbage-first heap   total 265216K, used 233790K [0x0000000080000000, 0x0000000100000000)
  region size 1024K, 77 young (78848K), 2 survivors (2048K)
 Metaspace       used 129282K, committed 130496K, reserved 557056K
  class space    used 17518K, committed 18112K, reserved 425984K
}
Event: 275.714 GC heap after
{Heap after GC invocations=80 (full 0):
 garbage-first heap   total 265216K, used 158223K [0x0000000080000000, 0x0000000100000000)
  region size 1024K, 3 young (3072K), 3 survivors (3072K)
 Metaspace       used 129282K, committed 130496K, reserved 557056K
  class space    used 17518K, committed 18112K, reserved 425984K
}
Event: 283.842 GC heap before
{Heap before GC invocations=80 (full 0):
 garbage-first heap   total 265216K, used 232975K [0x0000000080000000, 0x0000000100000000)
  region size 1024K, 76 young (77824K), 3 survivors (3072K)
 Metaspace       used 132020K, committed 133312K, reserved 557056K
  class space    used 17920K, committed 18560K, reserved 425984K
}
Event: 283.853 GC heap after
{Heap after GC invocations=81 (full 0):
 garbage-first heap   total 265216K, used 161867K [0x0000000080000000, 0x0000000100000000)
  region size 1024K, 6 young (6144K), 6 survivors (6144K)
 Metaspace       used 132020K, committed 133312K, reserved 557056K
  class space    used 17920K, committed 18560K, reserved 425984K
}
Event: 284.040 GC heap before
{Heap before GC invocations=81 (full 0):
 garbage-first heap   total 265216K, used 171083K [0x0000000080000000, 0x0000000100000000)
  region size 1024K, 16 young (16384K), 6 survivors (6144K)
 Metaspace       used 132314K, committed 133568K, reserved 557056K
  class space    used 17966K, committed 18560K, reserved 425984K
}
Event: 284.053 GC heap after
{Heap after GC invocations=82 (full 0):
 garbage-first heap   total 265216K, used 162295K [0x0000000080000000, 0x0000000100000000)
  region size 1024K, 6 young (6144K), 6 survivors (6144K)
 Metaspace       used 132314K, committed 133568K, reserved 557056K
  class space    used 17966K, committed 18560K, reserved 425984K
}
Event: 286.390 GC heap before
{Heap before GC invocations=83 (full 0):
 garbage-first heap   total 280576K, used 228855K [0x0000000080000000, 0x0000000100000000)
  region size 1024K, 71 young (72704K), 6 survivors (6144K)
 Metaspace       used 132644K, committed 133952K, reserved 557056K
  class space    used 17975K, committed 18624K, reserved 425984K
}
Event: 286.406 GC heap after
{Heap after GC invocations=84 (full 0):
 garbage-first heap   total 280576K, used 167353K [0x0000000080000000, 0x0000000100000000)
  region size 1024K, 9 young (9216K), 9 survivors (9216K)
 Metaspace       used 132644K, committed 133952K, reserved 557056K
  class space    used 17975K, committed 18624K, reserved 425984K
}
Event: 286.563 GC heap before
{Heap before GC invocations=84 (full 0):
 garbage-first heap   total 280576K, used 170425K [0x0000000080000000, 0x0000000100000000)
  region size 1024K, 13 young (13312K), 9 survivors (9216K)
 Metaspace       used 132711K, committed 134016K, reserved 557056K
  class space    used 17975K, committed 18624K, reserved 425984K
}
Event: 286.577 GC heap after
{Heap after GC invocations=85 (full 0):
 garbage-first heap   total 280576K, used 165362K [0x0000000080000000, 0x0000000100000000)
  region size 1024K, 2 young (2048K), 2 survivors (2048K)
 Metaspace       used 132711K, committed 134016K, reserved 557056K
  class space    used 17975K, committed 18624K, reserved 425984K
}

